<?xml version="1.0" encoding="UTF-8"?>
<!-- Generated by org.testng.reporters.JUnitXMLReporter -->
<testsuite ignored="0" hostname="DESKTOP-POF9692" failures="3" tests="6" name="Test" time="0.111" errors="0" timestamp="2020-03-25T08:03:04 IST">
  <testcase classname="cts.testing.practice.LearningAttributesTestNg" name="TestB" time="0.028">
    <failure type="java.lang.AssertionError" message="expected [yaho1] but found [yahoo]">
      <![CDATA[java.lang.AssertionError: expected [yaho1] but found [yahoo]
at cts.testing.practice.LearningAttributesTestNg.TestB(LearningAttributesTestNg.java:13)
at java.base/java.util.concurrent.FutureTask.run(FutureTask.java:264)
at java.base/java.util.concurrent.ThreadPoolExecutor.runWorker(ThreadPoolExecutor.java:1128)
at java.base/java.util.concurrent.ThreadPoolExecutor$Worker.run(ThreadPoolExecutor.java:628)
at java.base/java.lang.Thread.run(Thread.java:830)
... Removed 13 stack frames]]>
    </failure>
  </testcase> <!-- TestB -->
  <testcase classname="cts.testing.practice.LearningAttributesTestNg" name="TestC" time="0.003">
    <failure type="java.lang.AssertionError" message="expected [googleq1] but found [google]">
      <![CDATA[java.lang.AssertionError: expected [googleq1] but found [google]
at cts.testing.practice.LearningAttributesTestNg.TestC(LearningAttributesTestNg.java:9)
at java.base/java.util.ArrayList.forEach(ArrayList.java:1507)
... Removed 32 stack frames]]>
    </failure>
  </testcase> <!-- TestC -->
  <testcase classname="cts.testing.practice.LearningAttributesTestNg" name="TestA" time="0.002"/>
  <testcase classname="cts.testing.practice.Sample2" name="TestB" time="0.002"/>
  <testcase classname="cts.testing.practice.Sample2" name="TestC" time="0.001">
    <failure type="java.lang.AssertionError" message="expected [googleq1] but found [google]">
      <![CDATA[java.lang.AssertionError: expected [googleq1] but found [google]
at cts.testing.practice.Sample2.TestC(Sample2.java:9)
at java.base/java.util.ArrayList.forEach(ArrayList.java:1507)
... Removed 32 stack frames]]>
    </failure>
  </testcase> <!-- TestC -->
  <testcase classname="cts.testing.practice.Sample2" name="TestA" time="0.002"/>
</testsuite> <!-- Test -->
